2023-07-10 23:20:08,172 - Thread-13 (process_request_thread) - MainProcess - ERROR - Ocurrio una excepcion:Reverse for 'actualizar_permisos' with keyword arguments '{'id': ''}' not found. 1 pattern(s) tried: ['CLINICA/templates/permisos/actualizar_permiso\\.html/(?P<id>[0-9]+)\\Z']
Traceback (most recent call last):
  File "C:\Users\nblad\Desktop\Nueva carpeta (2)\ISI_2023_I_P_CLINICAMR_FRONT_DEPLOY\CLINICA\views_api\views_permisos.py", line 114, in abrir_actualizar_permisos
    return render(request, 'permisos/actualizar_permiso.html', context)
           ^^^^^^^^^^^^^^^^^^^^^^^^^^^^^^^^^^^^^^^^^^^^^^^^^^^^^^^^^^^^
  File "C:\Users\nblad\Desktop\Nueva carpeta (2)\ISI_2023_I_P_CLINICAMR_FRONT_DEPLOY\venv\Lib\site-packages\django\shortcuts.py", line 24, in render
    content = loader.render_to_string(template_name, context, request, using=using)
              ^^^^^^^^^^^^^^^^^^^^^^^^^^^^^^^^^^^^^^^^^^^^^^^^^^^^^^^^^^^^^^^^^^^^^
  File "C:\Users\nblad\Desktop\Nueva carpeta (2)\ISI_2023_I_P_CLINICAMR_FRONT_DEPLOY\venv\Lib\site-packages\django\template\loader.py", line 62, in render_to_string
    return template.render(context, request)
           ^^^^^^^^^^^^^^^^^^^^^^^^^^^^^^^^^
  File "C:\Users\nblad\Desktop\Nueva carpeta (2)\ISI_2023_I_P_CLINICAMR_FRONT_DEPLOY\venv\Lib\site-packages\django\template\backends\django.py", line 61, in render
    return self.template.render(context)
           ^^^^^^^^^^^^^^^^^^^^^^^^^^^^^
  File "C:\Users\nblad\Desktop\Nueva carpeta (2)\ISI_2023_I_P_CLINICAMR_FRONT_DEPLOY\venv\Lib\site-packages\django\template\base.py", line 175, in render
    return self._render(context)
           ^^^^^^^^^^^^^^^^^^^^^
  File "C:\Users\nblad\Desktop\Nueva carpeta (2)\ISI_2023_I_P_CLINICAMR_FRONT_DEPLOY\venv\Lib\site-packages\django\template\base.py", line 167, in _render
    return self.nodelist.render(context)
           ^^^^^^^^^^^^^^^^^^^^^^^^^^^^^
  File "C:\Users\nblad\Desktop\Nueva carpeta (2)\ISI_2023_I_P_CLINICAMR_FRONT_DEPLOY\venv\Lib\site-packages\django\template\base.py", line 1005, in render
    return SafeString("".join([node.render_annotated(context) for node in self]))
                              ^^^^^^^^^^^^^^^^^^^^^^^^^^^^^^^^^^^^^^^^^^^^^^^^^
  File "C:\Users\nblad\Desktop\Nueva carpeta (2)\ISI_2023_I_P_CLINICAMR_FRONT_DEPLOY\venv\Lib\site-packages\django\template\base.py", line 1005, in <listcomp>
    return SafeString("".join([node.render_annotated(context) for node in self]))
                               ^^^^^^^^^^^^^^^^^^^^^^^^^^^^^^
  File "C:\Users\nblad\Desktop\Nueva carpeta (2)\ISI_2023_I_P_CLINICAMR_FRONT_DEPLOY\venv\Lib\site-packages\django\template\base.py", line 966, in render_annotated
    return self.render(context)
           ^^^^^^^^^^^^^^^^^^^^
  File "C:\Users\nblad\Desktop\Nueva carpeta (2)\ISI_2023_I_P_CLINICAMR_FRONT_DEPLOY\venv\Lib\site-packages\django\template\loader_tags.py", line 157, in render
    return compiled_parent._render(context)
           ^^^^^^^^^^^^^^^^^^^^^^^^^^^^^^^^
  File "C:\Users\nblad\Desktop\Nueva carpeta (2)\ISI_2023_I_P_CLINICAMR_FRONT_DEPLOY\venv\Lib\site-packages\django\template\base.py", line 167, in _render
    return self.nodelist.render(context)
           ^^^^^^^^^^^^^^^^^^^^^^^^^^^^^
  File "C:\Users\nblad\Desktop\Nueva carpeta (2)\ISI_2023_I_P_CLINICAMR_FRONT_DEPLOY\venv\Lib\site-packages\django\template\base.py", line 1005, in render
    return SafeString("".join([node.render_annotated(context) for node in self]))
                              ^^^^^^^^^^^^^^^^^^^^^^^^^^^^^^^^^^^^^^^^^^^^^^^^^
  File "C:\Users\nblad\Desktop\Nueva carpeta (2)\ISI_2023_I_P_CLINICAMR_FRONT_DEPLOY\venv\Lib\site-packages\django\template\base.py", line 1005, in <listcomp>
    return SafeString("".join([node.render_annotated(context) for node in self]))
                               ^^^^^^^^^^^^^^^^^^^^^^^^^^^^^^
  File "C:\Users\nblad\Desktop\Nueva carpeta (2)\ISI_2023_I_P_CLINICAMR_FRONT_DEPLOY\venv\Lib\site-packages\django\template\base.py", line 966, in render_annotated
    return self.render(context)
           ^^^^^^^^^^^^^^^^^^^^
  File "C:\Users\nblad\Desktop\Nueva carpeta (2)\ISI_2023_I_P_CLINICAMR_FRONT_DEPLOY\venv\Lib\site-packages\django\template\loader_tags.py", line 63, in render
    result = block.nodelist.render(context)
             ^^^^^^^^^^^^^^^^^^^^^^^^^^^^^^
  File "C:\Users\nblad\Desktop\Nueva carpeta (2)\ISI_2023_I_P_CLINICAMR_FRONT_DEPLOY\venv\Lib\site-packages\django\template\base.py", line 1005, in render
    return SafeString("".join([node.render_annotated(context) for node in self]))
                              ^^^^^^^^^^^^^^^^^^^^^^^^^^^^^^^^^^^^^^^^^^^^^^^^^
  File "C:\Users\nblad\Desktop\Nueva carpeta (2)\ISI_2023_I_P_CLINICAMR_FRONT_DEPLOY\venv\Lib\site-packages\django\template\base.py", line 1005, in <listcomp>
    return SafeString("".join([node.render_annotated(context) for node in self]))
                               ^^^^^^^^^^^^^^^^^^^^^^^^^^^^^^
  File "C:\Users\nblad\Desktop\Nueva carpeta (2)\ISI_2023_I_P_CLINICAMR_FRONT_DEPLOY\venv\Lib\site-packages\django\template\base.py", line 966, in render_annotated
    return self.render(context)
           ^^^^^^^^^^^^^^^^^^^^
  File "C:\Users\nblad\Desktop\Nueva carpeta (2)\ISI_2023_I_P_CLINICAMR_FRONT_DEPLOY\venv\Lib\site-packages\django\template\defaulttags.py", line 471, in render
    url = reverse(view_name, args=args, kwargs=kwargs, current_app=current_app)
          ^^^^^^^^^^^^^^^^^^^^^^^^^^^^^^^^^^^^^^^^^^^^^^^^^^^^^^^^^^^^^^^^^^^^^
  File "C:\Users\nblad\Desktop\Nueva carpeta (2)\ISI_2023_I_P_CLINICAMR_FRONT_DEPLOY\venv\Lib\site-packages\django\urls\base.py", line 88, in reverse
    return resolver._reverse_with_prefix(view, prefix, *args, **kwargs)
           ^^^^^^^^^^^^^^^^^^^^^^^^^^^^^^^^^^^^^^^^^^^^^^^^^^^^^^^^^^^^
  File "C:\Users\nblad\Desktop\Nueva carpeta (2)\ISI_2023_I_P_CLINICAMR_FRONT_DEPLOY\venv\Lib\site-packages\django\urls\resolvers.py", line 828, in _reverse_with_prefix
    raise NoReverseMatch(msg)
django.urls.exceptions.NoReverseMatch: Reverse for 'actualizar_permisos' with keyword arguments '{'id': ''}' not found. 1 pattern(s) tried: ['CLINICA/templates/permisos/actualizar_permiso\\.html/(?P<id>[0-9]+)\\Z']
